-------------------------------------------------------------------------------
Test set: tn.esprit.spring.kaddem.DepartementServiceImpTest
-------------------------------------------------------------------------------
Tests run: 5, Failures: 0, Errors: 5, Skipped: 0, Time elapsed: 7.177 s <<< FAILURE! - in tn.esprit.spring.kaddem.DepartementServiceImpTest
testRetrieveUniversite  Time elapsed: 0.014 s  <<< ERROR!
java.lang.IllegalStateException: Failed to load ApplicationContext
Caused by: org.springframework.beans.factory.BeanDefinitionStoreException: Failed to process import candidates for configuration class [tn.esprit.spring.kaddem.KaddemApplication]; nested exception is java.lang.IllegalStateException: Error processing condition on org.springframework.boot.actuate.autoconfigure.metrics.MetricsEndpointAutoConfiguration
Caused by: java.lang.IllegalStateException: Error processing condition on org.springframework.boot.actuate.autoconfigure.metrics.MetricsEndpointAutoConfiguration
Caused by: org.springframework.core.convert.ConversionFailedException: Failed to convert from type [java.lang.String] to type [java.lang.Boolean] for value 'vrai'; nested exception is java.lang.IllegalArgumentException: Invalid boolean value 'vrai'
Caused by: java.lang.IllegalArgumentException: Invalid boolean value 'vrai'

testAddDepartement  Time elapsed: 0 s  <<< ERROR!
java.lang.IllegalStateException: Failed to load ApplicationContext
Caused by: org.springframework.beans.factory.BeanDefinitionStoreException: Failed to process import candidates for configuration class [tn.esprit.spring.kaddem.KaddemApplication]; nested exception is java.lang.IllegalStateException: Error processing condition on org.springframework.boot.actuate.autoconfigure.metrics.MetricsEndpointAutoConfiguration
Caused by: java.lang.IllegalStateException: Error processing condition on org.springframework.boot.actuate.autoconfigure.metrics.MetricsEndpointAutoConfiguration
Caused by: org.springframework.core.convert.ConversionFailedException: Failed to convert from type [java.lang.String] to type [java.lang.Boolean] for value 'vrai'; nested exception is java.lang.IllegalArgumentException: Invalid boolean value 'vrai'
Caused by: java.lang.IllegalArgumentException: Invalid boolean value 'vrai'

testRetrieveAllUniversites  Time elapsed: 0 s  <<< ERROR!
java.lang.IllegalStateException: Failed to load ApplicationContext
Caused by: org.springframework.beans.factory.BeanDefinitionStoreException: Failed to process import candidates for configuration class [tn.esprit.spring.kaddem.KaddemApplication]; nested exception is java.lang.IllegalStateException: Error processing condition on org.springframework.boot.actuate.autoconfigure.metrics.MetricsEndpointAutoConfiguration
Caused by: java.lang.IllegalStateException: Error processing condition on org.springframework.boot.actuate.autoconfigure.metrics.MetricsEndpointAutoConfiguration
Caused by: org.springframework.core.convert.ConversionFailedException: Failed to convert from type [java.lang.String] to type [java.lang.Boolean] for value 'vrai'; nested exception is java.lang.IllegalArgumentException: Invalid boolean value 'vrai'
Caused by: java.lang.IllegalArgumentException: Invalid boolean value 'vrai'

testUpdateDepartement  Time elapsed: 0 s  <<< ERROR!
java.lang.IllegalStateException: Failed to load ApplicationContext
Caused by: org.springframework.beans.factory.BeanDefinitionStoreException: Failed to process import candidates for configuration class [tn.esprit.spring.kaddem.KaddemApplication]; nested exception is java.lang.IllegalStateException: Error processing condition on org.springframework.boot.actuate.autoconfigure.metrics.MetricsEndpointAutoConfiguration
Caused by: java.lang.IllegalStateException: Error processing condition on org.springframework.boot.actuate.autoconfigure.metrics.MetricsEndpointAutoConfiguration
Caused by: org.springframework.core.convert.ConversionFailedException: Failed to convert from type [java.lang.String] to type [java.lang.Boolean] for value 'vrai'; nested exception is java.lang.IllegalArgumentException: Invalid boolean value 'vrai'
Caused by: java.lang.IllegalArgumentException: Invalid boolean value 'vrai'

testDeleteUniversite  Time elapsed: 0 s  <<< ERROR!
java.lang.IllegalStateException: Failed to load ApplicationContext
Caused by: org.springframework.beans.factory.BeanDefinitionStoreException: Failed to process import candidates for configuration class [tn.esprit.spring.kaddem.KaddemApplication]; nested exception is java.lang.IllegalStateException: Error processing condition on org.springframework.boot.actuate.autoconfigure.metrics.MetricsEndpointAutoConfiguration
Caused by: java.lang.IllegalStateException: Error processing condition on org.springframework.boot.actuate.autoconfigure.metrics.MetricsEndpointAutoConfiguration
Caused by: org.springframework.core.convert.ConversionFailedException: Failed to convert from type [java.lang.String] to type [java.lang.Boolean] for value 'vrai'; nested exception is java.lang.IllegalArgumentException: Invalid boolean value 'vrai'
Caused by: java.lang.IllegalArgumentException: Invalid boolean value 'vrai'

